[05-Dec-2025 15:55:32 Europe/Berlin] === STARTING SAVE_MEDICAL FOR PATIENT 1 ===
[05-Dec-2025 15:55:32 Europe/Berlin] Input received: Array
(
    [diabetes_mellitus] => 1
    [blood_disorders] => 1
    [action] => save_medical
    [patient_id] => 1
    [allergies_flag] => 0
    [hypertension_cva] => 0
    [heart_disease] => 0
    [thyroid_disorders] => 0
    [hepatitis_flag] => 0
    [malignancy_flag] => 0
    [prev_hospitalization_flag] => 0
    [blood_transfusion_flag] => 0
    [tattoo] => 0
    [other_conditions_flag] => 0
    [sugar_flag] => 0
    [alcohol_flag] => 0
    [tobacco_flag] => 0
    [betel_nut_flag] => 0
    [nhts_pr] => 0
    [four_ps] => 0
    [indigenous_people] => 0
    [pwd] => 0
    [philhealth_flag] => 0
    [sss_flag] => 0
    [gsis_flag] => 0
)

[05-Dec-2025 15:55:32 Europe/Berlin] Medical SQL: UPDATE medical_history SET 
                allergies_flag = ?, 
                allergies_details = ?,
                hypertension_cva = ?, 
                diabetes_mellitus = ?, 
                blood_disorders = ?, 
                heart_disease = ?, 
                thyroid_disorders = ?,
                hepatitis_flag = ?, 
                hepatitis_details = ?,
                malignancy_flag = ?, 
                malignancy_details = ?,
                prev_hospitalization_flag = ?, 
                last_admission_date = ?, 
                admission_cause = ?,
                surgery_details = ?,
                blood_transfusion_flag = ?, 
                blood_transfusion = ?,
                tattoo = ?, 
                other_conditions_flag = ?, 
                other_conditions = ?
            WHERE patient_id = ?
[05-Dec-2025 15:55:32 Europe/Berlin] Medical values to bind:
[05-Dec-2025 15:55:32 Europe/Berlin] allergies_flag: 0
[05-Dec-2025 15:55:32 Europe/Berlin] blood_transfusion_flag: 0
[05-Dec-2025 15:55:32 Europe/Berlin] blood_transfusion: NULL
[05-Dec-2025 15:55:32 Europe/Berlin] patient_id: 1
[05-Dec-2025 15:55:32 Europe/Berlin] PHP Fatal error:  Uncaught ArgumentCountError: The number of elements in the type definition string must match the number of bind variables in C:\xampp\htdocs\DentalEMR_System\php\treatmentrecords\view_info.php:669
Stack trace:
#0 C:\xampp\htdocs\DentalEMR_System\php\treatmentrecords\view_info.php(669): mysqli_stmt->bind_param('isiiiiissssssss...', 0, NULL, 0, 1, 1, 0, 0, 0, NULL, 0, NULL, 0, NULL, NULL, NULL, 0, NULL, 0, 0, NULL, 1)
#1 {main}
  thrown in C:\xampp\htdocs\DentalEMR_System\php\treatmentrecords\view_info.php on line 669
[05-Dec-2025 15:55:39 Europe/Berlin] === STARTING SAVE_MEDICAL FOR PATIENT 1 ===
[05-Dec-2025 15:55:39 Europe/Berlin] Input received: Array
(
    [blood_disorders] => 1
    [tattoo] => 1
    [action] => save_medical
    [patient_id] => 1
    [allergies_flag] => 0
    [hypertension_cva] => 0
    [diabetes_mellitus] => 0
    [heart_disease] => 0
    [thyroid_disorders] => 0
    [hepatitis_flag] => 0
    [malignancy_flag] => 0
    [prev_hospitalization_flag] => 0
    [blood_transfusion_flag] => 0
    [other_conditions_flag] => 0
    [sugar_flag] => 0
    [alcohol_flag] => 0
    [tobacco_flag] => 0
    [betel_nut_flag] => 0
    [nhts_pr] => 0
    [four_ps] => 0
    [indigenous_people] => 0
    [pwd] => 0
    [philhealth_flag] => 0
    [sss_flag] => 0
    [gsis_flag] => 0
)

[05-Dec-2025 15:55:39 Europe/Berlin] Medical SQL: UPDATE medical_history SET 
                allergies_flag = ?, 
                allergies_details = ?,
                hypertension_cva = ?, 
                diabetes_mellitus = ?, 
                blood_disorders = ?, 
                heart_disease = ?, 
                thyroid_disorders = ?,
                hepatitis_flag = ?, 
                hepatitis_details = ?,
                malignancy_flag = ?, 
                malignancy_details = ?,
                prev_hospitalization_flag = ?, 
                last_admission_date = ?, 
                admission_cause = ?,
                surgery_details = ?,
                blood_transfusion_flag = ?, 
                blood_transfusion = ?,
                tattoo = ?, 
                other_conditions_flag = ?, 
                other_conditions = ?
            WHERE patient_id = ?
[05-Dec-2025 15:55:39 Europe/Berlin] Medical values to bind:
[05-Dec-2025 15:55:39 Europe/Berlin] allergies_flag: 0
[05-Dec-2025 15:55:39 Europe/Berlin] blood_transfusion_flag: 0
[05-Dec-2025 15:55:39 Europe/Berlin] blood_transfusion: NULL
[05-Dec-2025 15:55:39 Europe/Berlin] patient_id: 1
[05-Dec-2025 15:55:39 Europe/Berlin] PHP Fatal error:  Uncaught ArgumentCountError: The number of elements in the type definition string must match the number of bind variables in C:\xampp\htdocs\DentalEMR_System\php\treatmentrecords\view_info.php:669
Stack trace:
#0 C:\xampp\htdocs\DentalEMR_System\php\treatmentrecords\view_info.php(669): mysqli_stmt->bind_param('isiiiiissssssss...', 0, NULL, 0, 0, 1, 0, 0, 0, NULL, 0, NULL, 0, NULL, NULL, NULL, 0, NULL, 1, 0, NULL, 1)
#1 {main}
  thrown in C:\xampp\htdocs\DentalEMR_System\php\treatmentrecords\view_info.php on line 669
[05-Dec-2025 16:06:38 Europe/Berlin] === SAVE_MEDICAL REQUEST ===
[05-Dec-2025 16:06:38 Europe/Berlin] Patient ID: 1
[05-Dec-2025 16:06:38 Europe/Berlin] Received data: Array
(
    [blood_disorders] => 1
    [heart_disease] => 1
    [action] => save_medical
    [patient_id] => 1
    [allergies_flag] => 0
    [hypertension_cva] => 0
    [diabetes_mellitus] => 0
    [thyroid_disorders] => 0
    [hepatitis_flag] => 0
    [malignancy_flag] => 0
    [prev_hospitalization_flag] => 0
    [blood_transfusion_flag] => 0
    [tattoo] => 0
    [other_conditions_flag] => 0
    [sugar_flag] => 0
    [alcohol_flag] => 0
    [tobacco_flag] => 0
    [betel_nut_flag] => 0
    [nhts_pr] => 0
    [four_ps] => 0
    [indigenous_people] => 0
    [pwd] => 0
    [philhealth_flag] => 0
    [sss_flag] => 0
    [gsis_flag] => 0
)

[05-Dec-2025 16:06:38 Europe/Berlin] Medical History SQL: UPDATE medical_history SET allergies_flag = ?, allergies_details = ?, hypertension_cva = ?, diabetes_mellitus = ?, blood_disorders = ?, heart_disease = ?, thyroid_disorders = ?, hepatitis_flag = ?, hepatitis_details = ?, malignancy_flag = ?, malignancy_details = ?, prev_hospitalization_flag = ?, last_admission_date = ?, admission_cause = ?, surgery_details = ?, blood_transfusion_flag = ?, blood_transfusion = ?, tattoo = ?, other_conditions_flag = ?, other_conditions = ? WHERE patient_id = ?
[05-Dec-2025 16:06:38 Europe/Berlin] Types: isiiiiiisisisssisiisi
[05-Dec-2025 16:06:42 Europe/Berlin] === SAVE_MEDICAL REQUEST ===
[05-Dec-2025 16:06:42 Europe/Berlin] Patient ID: 1
[05-Dec-2025 16:06:42 Europe/Berlin] Received data: Array
(
    [diabetes_mellitus] => 1
    [blood_disorders] => 1
    [heart_disease] => 1
    [action] => save_medical
    [patient_id] => 1
    [allergies_flag] => 0
    [hypertension_cva] => 0
    [thyroid_disorders] => 0
    [hepatitis_flag] => 0
    [malignancy_flag] => 0
    [prev_hospitalization_flag] => 0
    [blood_transfusion_flag] => 0
    [tattoo] => 0
    [other_conditions_flag] => 0
    [sugar_flag] => 0
    [alcohol_flag] => 0
    [tobacco_flag] => 0
    [betel_nut_flag] => 0
    [nhts_pr] => 0
    [four_ps] => 0
    [indigenous_people] => 0
    [pwd] => 0
    [philhealth_flag] => 0
    [sss_flag] => 0
    [gsis_flag] => 0
)

[05-Dec-2025 16:06:42 Europe/Berlin] Medical History SQL: UPDATE medical_history SET allergies_flag = ?, allergies_details = ?, hypertension_cva = ?, diabetes_mellitus = ?, blood_disorders = ?, heart_disease = ?, thyroid_disorders = ?, hepatitis_flag = ?, hepatitis_details = ?, malignancy_flag = ?, malignancy_details = ?, prev_hospitalization_flag = ?, last_admission_date = ?, admission_cause = ?, surgery_details = ?, blood_transfusion_flag = ?, blood_transfusion = ?, tattoo = ?, other_conditions_flag = ?, other_conditions = ? WHERE patient_id = ?
[05-Dec-2025 16:06:42 Europe/Berlin] Types: isiiiiiisisisssisiisi
[05-Dec-2025 16:07:07 Europe/Berlin] === SAVE_MEDICAL REQUEST ===
[05-Dec-2025 16:07:07 Europe/Berlin] Patient ID: 1
[05-Dec-2025 16:07:07 Europe/Berlin] Received data: Array
(
    [diabetes_mellitus] => 1
    [blood_disorders] => 1
    [heart_disease] => 1
    [prev_hospitalization_flag] => 1
    [last_admission_date] => 2016-10-26
    [admission_cause] => dengue
    [surgery_details] => 
    [action] => save_medical
    [patient_id] => 1
    [allergies_flag] => 0
    [hypertension_cva] => 0
    [thyroid_disorders] => 0
    [hepatitis_flag] => 0
    [malignancy_flag] => 0
    [blood_transfusion_flag] => 0
    [tattoo] => 0
    [other_conditions_flag] => 0
    [sugar_flag] => 0
    [alcohol_flag] => 0
    [tobacco_flag] => 0
    [betel_nut_flag] => 0
    [nhts_pr] => 0
    [four_ps] => 0
    [indigenous_people] => 0
    [pwd] => 0
    [philhealth_flag] => 0
    [sss_flag] => 0
    [gsis_flag] => 0
)

[05-Dec-2025 16:07:07 Europe/Berlin] Medical History SQL: UPDATE medical_history SET allergies_flag = ?, allergies_details = ?, hypertension_cva = ?, diabetes_mellitus = ?, blood_disorders = ?, heart_disease = ?, thyroid_disorders = ?, hepatitis_flag = ?, hepatitis_details = ?, malignancy_flag = ?, malignancy_details = ?, prev_hospitalization_flag = ?, last_admission_date = ?, admission_cause = ?, surgery_details = ?, blood_transfusion_flag = ?, blood_transfusion = ?, tattoo = ?, other_conditions_flag = ?, other_conditions = ? WHERE patient_id = ?
[05-Dec-2025 16:07:07 Europe/Berlin] Types: isiiiiiisisisssisiisi
[08-Dec-2025 14:58:17 Europe/Berlin] === SAVE_MEDICAL REQUEST ===
[08-Dec-2025 14:58:17 Europe/Berlin] Patient ID: 5
[08-Dec-2025 14:58:17 Europe/Berlin] Received data: Array
(
    [diabetes_mellitus] => 1
    [action] => save_medical
    [patient_id] => 5
    [allergies_flag] => 0
    [hypertension_cva] => 0
    [blood_disorders] => 0
    [heart_disease] => 0
    [thyroid_disorders] => 0
    [hepatitis_flag] => 0
    [malignancy_flag] => 0
    [prev_hospitalization_flag] => 0
    [blood_transfusion_flag] => 0
    [tattoo] => 0
    [other_conditions_flag] => 0
    [sugar_flag] => 0
    [alcohol_flag] => 0
    [tobacco_flag] => 0
    [betel_nut_flag] => 0
    [nhts_pr] => 0
    [four_ps] => 0
    [indigenous_people] => 0
    [pwd] => 0
    [philhealth_flag] => 0
    [sss_flag] => 0
    [gsis_flag] => 0
)

[08-Dec-2025 14:58:17 Europe/Berlin] Medical History SQL: UPDATE medical_history SET allergies_flag = ?, allergies_details = ?, hypertension_cva = ?, diabetes_mellitus = ?, blood_disorders = ?, heart_disease = ?, thyroid_disorders = ?, hepatitis_flag = ?, hepatitis_details = ?, malignancy_flag = ?, malignancy_details = ?, prev_hospitalization_flag = ?, last_admission_date = ?, admission_cause = ?, surgery_details = ?, blood_transfusion_flag = ?, blood_transfusion = ?, tattoo = ?, other_conditions_flag = ?, other_conditions = ? WHERE patient_id = ?
[08-Dec-2025 14:58:17 Europe/Berlin] Types: isiiiiiisisisssisiisi
[08-Dec-2025 14:58:32 Europe/Berlin] === SAVE_MEDICAL REQUEST ===
[08-Dec-2025 14:58:32 Europe/Berlin] Patient ID: 5
[08-Dec-2025 14:58:32 Europe/Berlin] Received data: Array
(
    [diabetes_mellitus] => 1
    [action] => save_medical
    [patient_id] => 5
    [allergies_flag] => 0
    [hypertension_cva] => 0
    [blood_disorders] => 0
    [heart_disease] => 0
    [thyroid_disorders] => 0
    [hepatitis_flag] => 0
    [malignancy_flag] => 0
    [prev_hospitalization_flag] => 0
    [blood_transfusion_flag] => 0
    [tattoo] => 0
    [other_conditions_flag] => 0
    [sugar_flag] => 0
    [alcohol_flag] => 0
    [tobacco_flag] => 0
    [betel_nut_flag] => 0
    [nhts_pr] => 0
    [four_ps] => 0
    [indigenous_people] => 0
    [pwd] => 0
    [philhealth_flag] => 0
    [sss_flag] => 0
    [gsis_flag] => 0
)

[08-Dec-2025 14:58:32 Europe/Berlin] Medical History SQL: UPDATE medical_history SET allergies_flag = ?, allergies_details = ?, hypertension_cva = ?, diabetes_mellitus = ?, blood_disorders = ?, heart_disease = ?, thyroid_disorders = ?, hepatitis_flag = ?, hepatitis_details = ?, malignancy_flag = ?, malignancy_details = ?, prev_hospitalization_flag = ?, last_admission_date = ?, admission_cause = ?, surgery_details = ?, blood_transfusion_flag = ?, blood_transfusion = ?, tattoo = ?, other_conditions_flag = ?, other_conditions = ? WHERE patient_id = ?
[08-Dec-2025 14:58:32 Europe/Berlin] Types: isiiiiiisisisssisiisi
[08-Dec-2025 14:59:09 Europe/Berlin] === SAVE_MEDICAL REQUEST ===
[08-Dec-2025 14:59:09 Europe/Berlin] Patient ID: 1
[08-Dec-2025 14:59:09 Europe/Berlin] Received data: Array
(
    [blood_disorders] => 1
    [heart_disease] => 1
    [prev_hospitalization_flag] => 1
    [last_admission_date] => 2016-10-26
    [admission_cause] => dengue
    [surgery_details] => 
    [action] => save_medical
    [patient_id] => 1
    [allergies_flag] => 0
    [hypertension_cva] => 0
    [diabetes_mellitus] => 0
    [thyroid_disorders] => 0
    [hepatitis_flag] => 0
    [malignancy_flag] => 0
    [blood_transfusion_flag] => 0
    [tattoo] => 0
    [other_conditions_flag] => 0
    [sugar_flag] => 0
    [alcohol_flag] => 0
    [tobacco_flag] => 0
    [betel_nut_flag] => 0
    [nhts_pr] => 0
    [four_ps] => 0
    [indigenous_people] => 0
    [pwd] => 0
    [philhealth_flag] => 0
    [sss_flag] => 0
    [gsis_flag] => 0
)

[08-Dec-2025 14:59:09 Europe/Berlin] Medical History SQL: UPDATE medical_history SET allergies_flag = ?, allergies_details = ?, hypertension_cva = ?, diabetes_mellitus = ?, blood_disorders = ?, heart_disease = ?, thyroid_disorders = ?, hepatitis_flag = ?, hepatitis_details = ?, malignancy_flag = ?, malignancy_details = ?, prev_hospitalization_flag = ?, last_admission_date = ?, admission_cause = ?, surgery_details = ?, blood_transfusion_flag = ?, blood_transfusion = ?, tattoo = ?, other_conditions_flag = ?, other_conditions = ? WHERE patient_id = ?
[08-Dec-2025 14:59:09 Europe/Berlin] Types: isiiiiiisisisssisiisi
[08-Dec-2025 15:02:00 Europe/Berlin] === SAVE_MEDICAL REQUEST ===
[08-Dec-2025 15:02:00 Europe/Berlin] Patient ID: 5
[08-Dec-2025 15:02:00 Europe/Berlin] Received data: Array
(
    [diabetes_mellitus] => 1
    [action] => save_medical
    [patient_id] => 5
    [allergies_flag] => 0
    [hypertension_cva] => 0
    [blood_disorders] => 0
    [heart_disease] => 0
    [thyroid_disorders] => 0
    [hepatitis_flag] => 0
    [malignancy_flag] => 0
    [prev_hospitalization_flag] => 0
    [blood_transfusion_flag] => 0
    [tattoo] => 0
    [other_conditions_flag] => 0
    [sugar_flag] => 0
    [alcohol_flag] => 0
    [tobacco_flag] => 0
    [betel_nut_flag] => 0
    [nhts_pr] => 0
    [four_ps] => 0
    [indigenous_people] => 0
    [pwd] => 0
    [philhealth_flag] => 0
    [sss_flag] => 0
    [gsis_flag] => 0
)

[08-Dec-2025 15:02:00 Europe/Berlin] Medical History SQL: UPDATE medical_history SET allergies_flag = ?, allergies_details = ?, hypertension_cva = ?, diabetes_mellitus = ?, blood_disorders = ?, heart_disease = ?, thyroid_disorders = ?, hepatitis_flag = ?, hepatitis_details = ?, malignancy_flag = ?, malignancy_details = ?, prev_hospitalization_flag = ?, last_admission_date = ?, admission_cause = ?, surgery_details = ?, blood_transfusion_flag = ?, blood_transfusion = ?, tattoo = ?, other_conditions_flag = ?, other_conditions = ? WHERE patient_id = ?
[08-Dec-2025 15:02:00 Europe/Berlin] Types: isiiiiiisisisssisiisi
[08-Dec-2025 15:02:44 Europe/Berlin] === SAVE_MEDICAL REQUEST ===
[08-Dec-2025 15:02:44 Europe/Berlin] Patient ID: 5
[08-Dec-2025 15:02:44 Europe/Berlin] Received data: Array
(
    [hypertension_cva] => 1
    [diabetes_mellitus] => 1
    [blood_disorders] => 1
    [action] => save_medical
    [patient_id] => 5
    [allergies_flag] => 0
    [heart_disease] => 0
    [thyroid_disorders] => 0
    [hepatitis_flag] => 0
    [malignancy_flag] => 0
    [prev_hospitalization_flag] => 0
    [blood_transfusion_flag] => 0
    [tattoo] => 0
    [other_conditions_flag] => 0
    [sugar_flag] => 0
    [alcohol_flag] => 0
    [tobacco_flag] => 0
    [betel_nut_flag] => 0
    [nhts_pr] => 0
    [four_ps] => 0
    [indigenous_people] => 0
    [pwd] => 0
    [philhealth_flag] => 0
    [sss_flag] => 0
    [gsis_flag] => 0
)

[08-Dec-2025 15:02:44 Europe/Berlin] Medical History SQL: UPDATE medical_history SET allergies_flag = ?, allergies_details = ?, hypertension_cva = ?, diabetes_mellitus = ?, blood_disorders = ?, heart_disease = ?, thyroid_disorders = ?, hepatitis_flag = ?, hepatitis_details = ?, malignancy_flag = ?, malignancy_details = ?, prev_hospitalization_flag = ?, last_admission_date = ?, admission_cause = ?, surgery_details = ?, blood_transfusion_flag = ?, blood_transfusion = ?, tattoo = ?, other_conditions_flag = ?, other_conditions = ? WHERE patient_id = ?
[08-Dec-2025 15:02:44 Europe/Berlin] Types: isiiiiiisisisssisiisi
[08-Dec-2025 15:14:10 Europe/Berlin] === SAVE_MEDICAL REQUEST ===
[08-Dec-2025 15:14:10 Europe/Berlin] Patient ID: 1
[08-Dec-2025 15:14:10 Europe/Berlin] Received data: Array
(
    [blood_disorders] => 1
    [heart_disease] => 1
    [prev_hospitalization_flag] => 1
    [last_admission_date] => 2016-10-26
    [admission_cause] => dengue
    [surgery_details] => 
    [action] => save_medical
    [patient_id] => 1
    [allergies_flag] => 0
    [hypertension_cva] => 0
    [diabetes_mellitus] => 0
    [thyroid_disorders] => 0
    [hepatitis_flag] => 0
    [malignancy_flag] => 0
    [blood_transfusion_flag] => 0
    [tattoo] => 0
    [other_conditions_flag] => 0
    [sugar_flag] => 0
    [alcohol_flag] => 0
    [tobacco_flag] => 0
    [betel_nut_flag] => 0
    [nhts_pr] => 0
    [four_ps] => 0
    [indigenous_people] => 0
    [pwd] => 0
    [philhealth_flag] => 0
    [sss_flag] => 0
    [gsis_flag] => 0
)

[08-Dec-2025 15:14:10 Europe/Berlin] Medical History SQL: UPDATE medical_history SET allergies_flag = ?, allergies_details = ?, hypertension_cva = ?, diabetes_mellitus = ?, blood_disorders = ?, heart_disease = ?, thyroid_disorders = ?, hepatitis_flag = ?, hepatitis_details = ?, malignancy_flag = ?, malignancy_details = ?, prev_hospitalization_flag = ?, last_admission_date = ?, admission_cause = ?, surgery_details = ?, blood_transfusion_flag = ?, blood_transfusion = ?, tattoo = ?, other_conditions_flag = ?, other_conditions = ? WHERE patient_id = ?
[08-Dec-2025 15:14:10 Europe/Berlin] Types: isiiiiiisisisssisiisi
[08-Dec-2025 15:34:43 Europe/Berlin] === SAVE_MEDICAL REQUEST ===
[08-Dec-2025 15:34:43 Europe/Berlin] Patient ID: 5
[08-Dec-2025 15:34:43 Europe/Berlin] Received data: Array
(
    [diabetes_mellitus] => 1
    [action] => save_medical
    [patient_id] => 5
    [allergies_flag] => 0
    [hypertension_cva] => 0
    [blood_disorders] => 0
    [heart_disease] => 0
    [thyroid_disorders] => 0
    [hepatitis_flag] => 0
    [malignancy_flag] => 0
    [prev_hospitalization_flag] => 0
    [blood_transfusion_flag] => 0
    [tattoo] => 0
    [other_conditions_flag] => 0
    [sugar_flag] => 0
    [alcohol_flag] => 0
    [tobacco_flag] => 0
    [betel_nut_flag] => 0
    [nhts_pr] => 0
    [four_ps] => 0
    [indigenous_people] => 0
    [pwd] => 0
    [philhealth_flag] => 0
    [sss_flag] => 0
    [gsis_flag] => 0
)

[08-Dec-2025 15:34:43 Europe/Berlin] Medical History SQL: UPDATE medical_history SET allergies_flag = ?, allergies_details = ?, hypertension_cva = ?, diabetes_mellitus = ?, blood_disorders = ?, heart_disease = ?, thyroid_disorders = ?, hepatitis_flag = ?, hepatitis_details = ?, malignancy_flag = ?, malignancy_details = ?, prev_hospitalization_flag = ?, last_admission_date = ?, admission_cause = ?, surgery_details = ?, blood_transfusion_flag = ?, blood_transfusion = ?, tattoo = ?, other_conditions_flag = ?, other_conditions = ? WHERE patient_id = ?
[08-Dec-2025 15:34:43 Europe/Berlin] Types: isiiiiiisisisssisiisi
[08-Dec-2025 15:34:43 Europe/Berlin] === SAVE_MEDICAL REQUEST ===
[08-Dec-2025 15:34:43 Europe/Berlin] Patient ID: 5
[08-Dec-2025 15:34:43 Europe/Berlin] Received data: Array
(
    [diabetes_mellitus] => 1
    [action] => save_medical
    [patient_id] => 5
    [allergies_flag] => 0
    [hypertension_cva] => 0
    [blood_disorders] => 0
    [heart_disease] => 0
    [thyroid_disorders] => 0
    [hepatitis_flag] => 0
    [malignancy_flag] => 0
    [prev_hospitalization_flag] => 0
    [blood_transfusion_flag] => 0
    [tattoo] => 0
    [other_conditions_flag] => 0
    [sugar_flag] => 0
    [alcohol_flag] => 0
    [tobacco_flag] => 0
    [betel_nut_flag] => 0
    [nhts_pr] => 0
    [four_ps] => 0
    [indigenous_people] => 0
    [pwd] => 0
    [philhealth_flag] => 0
    [sss_flag] => 0
    [gsis_flag] => 0
)

[08-Dec-2025 15:34:43 Europe/Berlin] Medical History SQL: UPDATE medical_history SET allergies_flag = ?, allergies_details = ?, hypertension_cva = ?, diabetes_mellitus = ?, blood_disorders = ?, heart_disease = ?, thyroid_disorders = ?, hepatitis_flag = ?, hepatitis_details = ?, malignancy_flag = ?, malignancy_details = ?, prev_hospitalization_flag = ?, last_admission_date = ?, admission_cause = ?, surgery_details = ?, blood_transfusion_flag = ?, blood_transfusion = ?, tattoo = ?, other_conditions_flag = ?, other_conditions = ? WHERE patient_id = ?
[08-Dec-2025 15:34:43 Europe/Berlin] Types: isiiiiiisisisssisiisi
[08-Dec-2025 15:53:31 Europe/Berlin] PHP Fatal error:  Uncaught ArgumentCountError: The number of elements in the type definition string must match the number of bind variables in C:\xampp\htdocs\DentalEMR_System\php\treatmentrecords\api_view_info.php:629
Stack trace:
#0 C:\xampp\htdocs\DentalEMR_System\php\treatmentrecords\api_view_info.php(629): mysqli_stmt->bind_param('isiiiiisissssss...', 0, NULL, 0, 1, 0, 0, 0, 0, NULL, 0, NULL, 0, NULL, NULL, NULL, 0, NULL, 0, 0, NULL, 5)
#1 {main}
  thrown in C:\xampp\htdocs\DentalEMR_System\php\treatmentrecords\api_view_info.php on line 629
[08-Dec-2025 15:54:55 Europe/Berlin] PHP Fatal error:  Uncaught ArgumentCountError: The number of elements in the type definition string must match the number of bind variables in C:\xampp\htdocs\DentalEMR_System\php\treatmentrecords\api_view_info.php:629
Stack trace:
#0 C:\xampp\htdocs\DentalEMR_System\php\treatmentrecords\api_view_info.php(629): mysqli_stmt->bind_param('isiiiiisissssss...', 0, NULL, 0, 1, 1, 0, 0, 0, NULL, 0, NULL, 0, NULL, NULL, NULL, 0, NULL, 0, 0, NULL, 5)
#1 {main}
  thrown in C:\xampp\htdocs\DentalEMR_System\php\treatmentrecords\api_view_info.php on line 629
[08-Dec-2025 15:55:04 Europe/Berlin] PHP Fatal error:  Uncaught ArgumentCountError: The number of elements in the type definition string must match the number of bind variables in C:\xampp\htdocs\DentalEMR_System\php\treatmentrecords\api_view_info.php:629
Stack trace:
#0 C:\xampp\htdocs\DentalEMR_System\php\treatmentrecords\api_view_info.php(629): mysqli_stmt->bind_param('isiiiiisissssss...', 0, NULL, 0, 1, 1, 0, 0, 0, NULL, 0, NULL, 0, NULL, NULL, NULL, 0, NULL, 0, 0, NULL, 5)
#1 {main}
  thrown in C:\xampp\htdocs\DentalEMR_System\php\treatmentrecords\api_view_info.php on line 629
[08-Dec-2025 16:07:19 Europe/Berlin] PHP Fatal error:  Uncaught ArgumentCountError: The number of elements in the type definition string must match the number of bind variables in C:\xampp\htdocs\DentalEMR_System\php\treatmentrecords\api_view_info.php:629
Stack trace:
#0 C:\xampp\htdocs\DentalEMR_System\php\treatmentrecords\api_view_info.php(629): mysqli_stmt->bind_param('isiiiiisissssss...', 0, NULL, 0, 1, 1, 0, 0, 0, NULL, 0, NULL, 0, NULL, NULL, NULL, 0, NULL, 0, 0, NULL, 5)
#1 {main}
  thrown in C:\xampp\htdocs\DentalEMR_System\php\treatmentrecords\api_view_info.php on line 629
[08-Dec-2025 16:54:15 Europe/Berlin] PHP Fatal error:  Uncaught ArgumentCountError: The number of elements in the type definition string must match the number of bind variables in C:\xampp\htdocs\DentalEMR_System\php\treatmentrecords\api_view_info.php:629
Stack trace:
#0 C:\xampp\htdocs\DentalEMR_System\php\treatmentrecords\api_view_info.php(629): mysqli_stmt->bind_param('isiiiiisissssss...', 0, NULL, 0, 1, 1, 0, 0, 0, NULL, 0, NULL, 0, NULL, NULL, NULL, 0, NULL, 0, 0, NULL, 5)
#1 {main}
  thrown in C:\xampp\htdocs\DentalEMR_System\php\treatmentrecords\api_view_info.php on line 629
[08-Dec-2025 16:55:15 Europe/Berlin] PHP Fatal error:  Uncaught ArgumentCountError: The number of elements in the type definition string must match the number of bind variables in C:\xampp\htdocs\DentalEMR_System\php\treatmentrecords\api_view_info.php:629
Stack trace:
#0 C:\xampp\htdocs\DentalEMR_System\php\treatmentrecords\api_view_info.php(629): mysqli_stmt->bind_param('isiiiiisissssss...', 0, NULL, 0, 1, 1, 0, 0, 0, NULL, 0, NULL, 0, NULL, NULL, NULL, 0, NULL, 0, 0, NULL, 5)
#1 {main}
  thrown in C:\xampp\htdocs\DentalEMR_System\php\treatmentrecords\api_view_info.php on line 629
[08-Dec-2025 17:02:29 Europe/Berlin] Membership POST data: Array
(
    [patient_id] => 5
    [indigenous_people] => 1
    [pwd] => 1
    [philhealth_flag] => 1
    [philhealth_number] => 123123
    [nhts_pr] => 0
    [four_ps] => 0
    [sss_flag] => 0
    [gsis_flag] => 0
    [action] => save_membership
)

[08-Dec-2025 17:02:29 Europe/Berlin] Exception in POST handler: Prepare failed: Unknown column 'updated_at' in 'field list'
[08-Dec-2025 17:02:33 Europe/Berlin] Membership POST data: Array
(
    [patient_id] => 5
    [indigenous_people] => 1
    [pwd] => 1
    [philhealth_flag] => 1
    [philhealth_number] => 123123
    [nhts_pr] => 0
    [four_ps] => 0
    [sss_flag] => 0
    [gsis_flag] => 0
    [action] => save_membership
)

[08-Dec-2025 17:02:33 Europe/Berlin] Exception in POST handler: Prepare failed: Unknown column 'updated_at' in 'field list'
[08-Dec-2025 17:02:34 Europe/Berlin] Membership POST data: Array
(
    [patient_id] => 5
    [indigenous_people] => 1
    [pwd] => 1
    [philhealth_flag] => 1
    [philhealth_number] => 123123
    [nhts_pr] => 0
    [four_ps] => 0
    [sss_flag] => 0
    [gsis_flag] => 0
    [action] => save_membership
)

[08-Dec-2025 17:02:34 Europe/Berlin] Exception in POST handler: Prepare failed: Unknown column 'updated_at' in 'field list'
[08-Dec-2025 17:02:41 Europe/Berlin] Membership POST data: Array
(
    [patient_id] => 5
    [indigenous_people] => 1
    [pwd] => 1
    [philhealth_flag] => 1
    [philhealth_number] => 13123
    [nhts_pr] => 0
    [four_ps] => 0
    [sss_flag] => 0
    [gsis_flag] => 0
    [action] => save_membership
)

[08-Dec-2025 17:02:41 Europe/Berlin] Exception in POST handler: Prepare failed: Unknown column 'updated_at' in 'field list'
[08-Dec-2025 17:02:46 Europe/Berlin] Membership POST data: Array
(
    [patient_id] => 5
    [indigenous_people] => 1
    [pwd] => 1
    [philhealth_flag] => 1
    [philhealth_number] => 13123
    [nhts_pr] => 0
    [four_ps] => 0
    [sss_flag] => 0
    [gsis_flag] => 0
    [action] => save_membership
)

[08-Dec-2025 17:02:46 Europe/Berlin] Exception in POST handler: Prepare failed: Unknown column 'updated_at' in 'field list'
[08-Dec-2025 23:00:26 Europe/Berlin] PHP Fatal error:  Uncaught ArgumentCountError: The number of elements in the type definition string must match the number of bind variables in C:\xampp\htdocs\DentalEMR_System\php\treatmentrecords\api_view_info.php:629
Stack trace:
#0 C:\xampp\htdocs\DentalEMR_System\php\treatmentrecords\api_view_info.php(629): mysqli_stmt->bind_param('isiiiiisissssss...', 0, NULL, 1, 1, 1, 0, 0, 0, NULL, 0, NULL, 0, NULL, NULL, NULL, 0, NULL, 0, 0, NULL, 5)
#1 {main}
  thrown in C:\xampp\htdocs\DentalEMR_System\php\treatmentrecords\api_view_info.php on line 629
[08-Dec-2025 23:00:36 Europe/Berlin] PHP Fatal error:  Uncaught ArgumentCountError: The number of elements in the type definition string must match the number of bind variables in C:\xampp\htdocs\DentalEMR_System\php\treatmentrecords\api_view_info.php:629
Stack trace:
#0 C:\xampp\htdocs\DentalEMR_System\php\treatmentrecords\api_view_info.php(629): mysqli_stmt->bind_param('isiiiiisissssss...', 0, NULL, 0, 1, 1, 1, 0, 0, NULL, 0, NULL, 0, NULL, NULL, NULL, 0, NULL, 0, 0, NULL, 5)
#1 {main}
  thrown in C:\xampp\htdocs\DentalEMR_System\php\treatmentrecords\api_view_info.php on line 629
[08-Dec-2025 23:47:30 Europe/Berlin] === SAVE_MEDICAL REQUEST ===
[08-Dec-2025 23:47:30 Europe/Berlin] Patient ID: 5
[08-Dec-2025 23:47:30 Europe/Berlin] Received data: Array
(
    [diabetes_mellitus] => 1
    [blood_disorders] => 1
    [action] => save_medical
    [patient_id] => 5
    [allergies_flag] => 0
    [hypertension_cva] => 0
    [heart_disease] => 0
    [thyroid_disorders] => 0
    [hepatitis_flag] => 0
    [malignancy_flag] => 0
    [prev_hospitalization_flag] => 0
    [blood_transfusion_flag] => 0
    [tattoo] => 0
    [other_conditions_flag] => 0
    [sugar_flag] => 0
    [alcohol_flag] => 0
    [tobacco_flag] => 0
    [betel_nut_flag] => 0
    [nhts_pr] => 0
    [four_ps] => 0
    [indigenous_people] => 0
    [pwd] => 0
    [philhealth_flag] => 0
    [sss_flag] => 0
    [gsis_flag] => 0
)

[08-Dec-2025 23:47:30 Europe/Berlin] Medical History SQL: UPDATE medical_history SET allergies_flag = ?, allergies_details = ?, hypertension_cva = ?, diabetes_mellitus = ?, blood_disorders = ?, heart_disease = ?, thyroid_disorders = ?, hepatitis_flag = ?, hepatitis_details = ?, malignancy_flag = ?, malignancy_details = ?, prev_hospitalization_flag = ?, last_admission_date = ?, admission_cause = ?, surgery_details = ?, blood_transfusion_flag = ?, blood_transfusion = ?, tattoo = ?, other_conditions_flag = ?, other_conditions = ? WHERE patient_id = ?
[08-Dec-2025 23:47:30 Europe/Berlin] Types: isiiiiiisisisssisiisi
[08-Dec-2025 23:57:12 Europe/Berlin] === SAVE_MEDICAL REQUEST ===
[08-Dec-2025 23:57:12 Europe/Berlin] Patient ID: 5
[08-Dec-2025 23:57:12 Europe/Berlin] Received data: Array
(
    [hypertension_cva] => 1
    [diabetes_mellitus] => 1
    [blood_disorders] => 1
    [action] => save_medical
    [patient_id] => 5
    [allergies_flag] => 0
    [heart_disease] => 0
    [thyroid_disorders] => 0
    [hepatitis_flag] => 0
    [malignancy_flag] => 0
    [prev_hospitalization_flag] => 0
    [blood_transfusion_flag] => 0
    [tattoo] => 0
    [other_conditions_flag] => 0
    [sugar_flag] => 0
    [alcohol_flag] => 0
    [tobacco_flag] => 0
    [betel_nut_flag] => 0
    [nhts_pr] => 0
    [four_ps] => 0
    [indigenous_people] => 0
    [pwd] => 0
    [philhealth_flag] => 0
    [sss_flag] => 0
    [gsis_flag] => 0
)

[08-Dec-2025 23:57:12 Europe/Berlin] Medical History SQL: UPDATE medical_history SET allergies_flag = ?, allergies_details = ?, hypertension_cva = ?, diabetes_mellitus = ?, blood_disorders = ?, heart_disease = ?, thyroid_disorders = ?, hepatitis_flag = ?, hepatitis_details = ?, malignancy_flag = ?, malignancy_details = ?, prev_hospitalization_flag = ?, last_admission_date = ?, admission_cause = ?, surgery_details = ?, blood_transfusion_flag = ?, blood_transfusion = ?, tattoo = ?, other_conditions_flag = ?, other_conditions = ? WHERE patient_id = ?
[08-Dec-2025 23:57:12 Europe/Berlin] Types: isiiiiiisisisssisiisi
[09-Dec-2025 01:30:59 Europe/Berlin] === SAVE_MEDICAL REQUEST ===
[09-Dec-2025 01:30:59 Europe/Berlin] Patient ID: 5
[09-Dec-2025 01:30:59 Europe/Berlin] Received data: Array
(
    [diabetes_mellitus] => 1
    [blood_disorders] => 1
    [action] => save_medical
    [patient_id] => 5
    [allergies_flag] => 0
    [hypertension_cva] => 0
    [heart_disease] => 0
    [thyroid_disorders] => 0
    [hepatitis_flag] => 0
    [malignancy_flag] => 0
    [prev_hospitalization_flag] => 0
    [blood_transfusion_flag] => 0
    [tattoo] => 0
    [other_conditions_flag] => 0
    [sugar_flag] => 0
    [alcohol_flag] => 0
    [tobacco_flag] => 0
    [betel_nut_flag] => 0
    [nhts_pr] => 0
    [four_ps] => 0
    [indigenous_people] => 0
    [pwd] => 0
    [philhealth_flag] => 0
    [sss_flag] => 0
    [gsis_flag] => 0
)

[09-Dec-2025 01:30:59 Europe/Berlin] Medical History SQL: UPDATE medical_history SET allergies_flag = ?, allergies_details = ?, hypertension_cva = ?, diabetes_mellitus = ?, blood_disorders = ?, heart_disease = ?, thyroid_disorders = ?, hepatitis_flag = ?, hepatitis_details = ?, malignancy_flag = ?, malignancy_details = ?, prev_hospitalization_flag = ?, last_admission_date = ?, admission_cause = ?, surgery_details = ?, blood_transfusion_flag = ?, blood_transfusion = ?, tattoo = ?, other_conditions_flag = ?, other_conditions = ? WHERE patient_id = ?
[09-Dec-2025 01:30:59 Europe/Berlin] Types: isiiiiiisisisssisiisi
[04-Jan-2026 10:41:46 Europe/Berlin] === SAVE_MEDICAL REQUEST ===
[04-Jan-2026 10:41:46 Europe/Berlin] Patient ID: 8
[04-Jan-2026 10:41:46 Europe/Berlin] Received data: Array
(
    [tattoo] => 1
    [action] => save_medical
    [patient_id] => 8
    [allergies_flag] => 0
    [hypertension_cva] => 0
    [diabetes_mellitus] => 0
    [blood_disorders] => 0
    [heart_disease] => 0
    [thyroid_disorders] => 0
    [hepatitis_flag] => 0
    [malignancy_flag] => 0
    [prev_hospitalization_flag] => 0
    [blood_transfusion_flag] => 0
    [other_conditions_flag] => 0
    [sugar_flag] => 0
    [alcohol_flag] => 0
    [tobacco_flag] => 0
    [betel_nut_flag] => 0
    [nhts_pr] => 0
    [four_ps] => 0
    [indigenous_people] => 0
    [pwd] => 0
    [philhealth_flag] => 0
    [sss_flag] => 0
    [gsis_flag] => 0
)

[04-Jan-2026 10:41:46 Europe/Berlin] Medical History SQL: UPDATE medical_history SET allergies_flag = ?, allergies_details = ?, hypertension_cva = ?, diabetes_mellitus = ?, blood_disorders = ?, heart_disease = ?, thyroid_disorders = ?, hepatitis_flag = ?, hepatitis_details = ?, malignancy_flag = ?, malignancy_details = ?, prev_hospitalization_flag = ?, last_admission_date = ?, admission_cause = ?, surgery_details = ?, blood_transfusion_flag = ?, blood_transfusion = ?, tattoo = ?, other_conditions_flag = ?, other_conditions = ? WHERE patient_id = ?
[04-Jan-2026 10:41:46 Europe/Berlin] Types: isiiiiiisisisssisiisi
[08-Jan-2026 06:23:46 Europe/Berlin] === SAVE_MEDICAL REQUEST ===
[08-Jan-2026 06:23:46 Europe/Berlin] Patient ID: 16
[08-Jan-2026 06:23:46 Europe/Berlin] Received data: Array
(
    [action] => save_medical
    [patient_id] => 16
    [allergies_flag] => 0
    [hypertension_cva] => 0
    [diabetes_mellitus] => 0
    [blood_disorders] => 0
    [heart_disease] => 0
    [thyroid_disorders] => 0
    [hepatitis_flag] => 0
    [malignancy_flag] => 0
    [prev_hospitalization_flag] => 0
    [blood_transfusion_flag] => 0
    [tattoo] => 0
    [other_conditions_flag] => 0
    [sugar_flag] => 0
    [alcohol_flag] => 0
    [tobacco_flag] => 0
    [betel_nut_flag] => 0
    [nhts_pr] => 0
    [four_ps] => 0
    [indigenous_people] => 0
    [pwd] => 0
    [philhealth_flag] => 0
    [sss_flag] => 0
    [gsis_flag] => 0
)

[08-Jan-2026 06:23:46 Europe/Berlin] Medical History SQL: UPDATE medical_history SET allergies_flag = ?, allergies_details = ?, hypertension_cva = ?, diabetes_mellitus = ?, blood_disorders = ?, heart_disease = ?, thyroid_disorders = ?, hepatitis_flag = ?, hepatitis_details = ?, malignancy_flag = ?, malignancy_details = ?, prev_hospitalization_flag = ?, last_admission_date = ?, admission_cause = ?, surgery_details = ?, blood_transfusion_flag = ?, blood_transfusion = ?, tattoo = ?, other_conditions_flag = ?, other_conditions = ? WHERE patient_id = ?
[08-Jan-2026 06:23:46 Europe/Berlin] Types: isiiiiiisisisssisiisi
[12-Jan-2026 20:18:03 Europe/Berlin] === SAVE_MEDICAL REQUEST ===
[12-Jan-2026 20:18:03 Europe/Berlin] Patient ID: 14
[12-Jan-2026 20:18:03 Europe/Berlin] Received data: Array
(
    [tattoo] => 1
    [action] => save_medical
    [patient_id] => 14
    [allergies_flag] => 0
    [hypertension_cva] => 0
    [diabetes_mellitus] => 0
    [blood_disorders] => 0
    [heart_disease] => 0
    [thyroid_disorders] => 0
    [hepatitis_flag] => 0
    [malignancy_flag] => 0
    [prev_hospitalization_flag] => 0
    [blood_transfusion_flag] => 0
    [other_conditions_flag] => 0
    [sugar_flag] => 0
    [alcohol_flag] => 0
    [tobacco_flag] => 0
    [betel_nut_flag] => 0
    [nhts_pr] => 0
    [four_ps] => 0
    [indigenous_people] => 0
    [pwd] => 0
    [philhealth_flag] => 0
    [sss_flag] => 0
    [gsis_flag] => 0
)

[12-Jan-2026 20:18:03 Europe/Berlin] Medical History SQL: UPDATE medical_history SET allergies_flag = ?, allergies_details = ?, hypertension_cva = ?, diabetes_mellitus = ?, blood_disorders = ?, heart_disease = ?, thyroid_disorders = ?, hepatitis_flag = ?, hepatitis_details = ?, malignancy_flag = ?, malignancy_details = ?, prev_hospitalization_flag = ?, last_admission_date = ?, admission_cause = ?, surgery_details = ?, blood_transfusion_flag = ?, blood_transfusion = ?, tattoo = ?, other_conditions_flag = ?, other_conditions = ? WHERE patient_id = ?
[12-Jan-2026 20:18:03 Europe/Berlin] Types: isiiiiiisisisssisiisi
[13-Jan-2026 18:58:24 Europe/Berlin] Detected user: ID=0, Type=System, Name=Unknown User
[13-Jan-2026 18:58:24 Europe/Berlin] For action 'save_patient' - User detected: Type=System, ID=0, Name=Unknown User
[13-Jan-2026 19:01:09 Europe/Berlin] Detected user: ID=0, Type=System, Name=Unknown User
[13-Jan-2026 19:01:09 Europe/Berlin] For action 'save_patient' - User detected: Type=System, ID=0, Name=Unknown User
[13-Jan-2026 19:46:29 Europe/Berlin] Session status: 2
[13-Jan-2026 19:46:29 Europe/Berlin] Session ID: ed6tlrr4i310u6rfscrfhr0427
[13-Jan-2026 19:46:29 Europe/Berlin] Active sessions in session: 2
[13-Jan-2026 19:46:29 Europe/Berlin] Active sessions data: {"1":{"id":1,"email":"lenardovinci64@gmail.com","name":"Dr. Leonardo Vinci","type":"Dentist","login_time":1768321164,"last_activity":1768329983,"profile_picture":"\/DentalEMR_System\/uploads\/profile_pictures\/user_1_1768321188.png"},"42":{"id":42,"email":"jayjaypanganiban43@gmail.com","name":"Jay JAy Panganiban","type":"Staff","login_time":1768325379,"last_activity":1768329590}}
[13-Jan-2026 19:46:29 Europe/Berlin] Request UID: Not found
[13-Jan-2026 19:46:29 Europe/Berlin] Using default System user
[13-Jan-2026 19:46:29 Europe/Berlin] ACTION: save_patient - User: System System (ID: 0)
[13-Jan-2026 20:03:28 Europe/Berlin] === USER DETECTION START ===
[13-Jan-2026 20:03:28 Europe/Berlin] Session ID: ed6tlrr4i310u6rfscrfhr0427
[13-Jan-2026 20:03:28 Europe/Berlin] Session status: 2
[13-Jan-2026 20:03:28 Europe/Berlin] No uid parameter found in request
[13-Jan-2026 20:03:28 Europe/Berlin] Using default System user (fallback)
[13-Jan-2026 20:03:28 Europe/Berlin] Final user info: Type=System, ID=0, Name=System
[13-Jan-2026 20:03:28 Europe/Berlin] === USER DETECTION END ===
[13-Jan-2026 20:03:28 Europe/Berlin] ACTION: save_patient - Detected User: System System (ID: 0)
[13-Jan-2026 20:03:28 Europe/Berlin] History log saved successfully. Log ID: 119, User Type: System, User ID: 0
[13-Jan-2026 20:03:28 Europe/Berlin] Patient update log result: SUCCESS
[13-Jan-2026 20:08:20 Europe/Berlin] === USER DETECTION START ===
[13-Jan-2026 20:08:20 Europe/Berlin] Session ID: ed6tlrr4i310u6rfscrfhr0427
[13-Jan-2026 20:08:20 Europe/Berlin] Session status: 2
[13-Jan-2026 20:08:20 Europe/Berlin] No uid parameter found in request
[13-Jan-2026 20:08:20 Europe/Berlin] Using default System user (fallback)
[13-Jan-2026 20:08:20 Europe/Berlin] Final user info: Type=System, ID=0, Name=System
[13-Jan-2026 20:08:20 Europe/Berlin] === USER DETECTION END ===
[13-Jan-2026 20:08:20 Europe/Berlin] ACTION: save_patient - Detected User: System System (ID: 0)
[13-Jan-2026 20:08:20 Europe/Berlin] History log saved successfully. Log ID: 120, User Type: System, User ID: 0
[13-Jan-2026 20:08:20 Europe/Berlin] Patient update log result: SUCCESS
[13-Jan-2026 20:15:37 Europe/Berlin] === USER DETECTION START ===
[13-Jan-2026 20:15:37 Europe/Berlin] Session ID: ed6tlrr4i310u6rfscrfhr0427
[13-Jan-2026 20:15:37 Europe/Berlin] Session status: 2
[13-Jan-2026 20:15:37 Europe/Berlin] GET uid found: 1
[13-Jan-2026 20:15:37 Europe/Berlin] Found user in active_sessions: ID=1, Type=Dentist, Name=Dr. Leonardo Vinci
[13-Jan-2026 20:15:37 Europe/Berlin] Dentist verified in DB: Dr. Leonardo Vinci
[13-Jan-2026 20:15:37 Europe/Berlin] Final user info: Type=Dentist, ID=1, Name=Dr. Leonardo Vinci
[13-Jan-2026 20:15:37 Europe/Berlin] === USER DETECTION END ===
[13-Jan-2026 20:15:37 Europe/Berlin] ACTION: save_patient - Detected User: Dentist Dr. Leonardo Vinci (ID: 1)
[13-Jan-2026 20:15:37 Europe/Berlin] History log saved successfully. Log ID: 121, User Type: Dentist, User ID: 1
[13-Jan-2026 20:15:37 Europe/Berlin] Patient update log result: SUCCESS
[13-Jan-2026 20:16:35 Europe/Berlin] === USER DETECTION START ===
[13-Jan-2026 20:16:35 Europe/Berlin] Session ID: ed6tlrr4i310u6rfscrfhr0427
[13-Jan-2026 20:16:35 Europe/Berlin] Session status: 2
[13-Jan-2026 20:16:35 Europe/Berlin] GET uid found: 42
[13-Jan-2026 20:16:35 Europe/Berlin] Found user in active_sessions: ID=42, Type=Staff, Name=Jay JAy Panganiban
[13-Jan-2026 20:16:35 Europe/Berlin] Staff verified in DB: Jay JAy Panganiban
[13-Jan-2026 20:16:35 Europe/Berlin] Final user info: Type=Staff, ID=42, Name=Jay JAy Panganiban
[13-Jan-2026 20:16:35 Europe/Berlin] === USER DETECTION END ===
[13-Jan-2026 20:16:35 Europe/Berlin] ACTION: save_patient - Detected User: Staff Jay JAy Panganiban (ID: 42)
[13-Jan-2026 20:16:35 Europe/Berlin] History log saved successfully. Log ID: 122, User Type: Staff, User ID: 42
[13-Jan-2026 20:16:35 Europe/Berlin] Patient update log result: SUCCESS
[13-Jan-2026 20:16:53 Europe/Berlin] === USER DETECTION START ===
[13-Jan-2026 20:16:53 Europe/Berlin] Session ID: ed6tlrr4i310u6rfscrfhr0427
[13-Jan-2026 20:16:53 Europe/Berlin] Session status: 2
[13-Jan-2026 20:16:53 Europe/Berlin] GET uid found: 42
[13-Jan-2026 20:16:53 Europe/Berlin] Found user in active_sessions: ID=42, Type=Staff, Name=Jay JAy Panganiban
[13-Jan-2026 20:16:53 Europe/Berlin] Staff verified in DB: Jay JAy Panganiban
[13-Jan-2026 20:16:53 Europe/Berlin] Final user info: Type=Staff, ID=42, Name=Jay JAy Panganiban
[13-Jan-2026 20:16:53 Europe/Berlin] === USER DETECTION END ===
[13-Jan-2026 20:16:53 Europe/Berlin] ACTION: save_membership - Detected User: Staff Jay JAy Panganiban (ID: 42)
[13-Jan-2026 20:16:53 Europe/Berlin] Exception in POST handler: Unknown column 'updated_at' in 'field list'
[13-Jan-2026 20:17:39 Europe/Berlin] === USER DETECTION START ===
[13-Jan-2026 20:17:39 Europe/Berlin] Session ID: ed6tlrr4i310u6rfscrfhr0427
[13-Jan-2026 20:17:39 Europe/Berlin] Session status: 2
[13-Jan-2026 20:17:39 Europe/Berlin] GET uid found: 1
[13-Jan-2026 20:17:39 Europe/Berlin] Found user in active_sessions: ID=1, Type=Dentist, Name=Dr. Leonardo Vinci
[13-Jan-2026 20:17:39 Europe/Berlin] Dentist verified in DB: Dr. Leonardo Vinci
[13-Jan-2026 20:17:39 Europe/Berlin] Final user info: Type=Dentist, ID=1, Name=Dr. Leonardo Vinci
[13-Jan-2026 20:17:39 Europe/Berlin] === USER DETECTION END ===
[13-Jan-2026 20:17:39 Europe/Berlin] ACTION: save_membership - Detected User: Dentist Dr. Leonardo Vinci (ID: 1)
[13-Jan-2026 20:17:39 Europe/Berlin] Exception in POST handler: Unknown column 'updated_at' in 'field list'
[13-Jan-2026 20:17:45 Europe/Berlin] === USER DETECTION START ===
[13-Jan-2026 20:17:45 Europe/Berlin] Session ID: ed6tlrr4i310u6rfscrfhr0427
[13-Jan-2026 20:17:45 Europe/Berlin] Session status: 2
[13-Jan-2026 20:17:45 Europe/Berlin] GET uid found: 1
[13-Jan-2026 20:17:45 Europe/Berlin] Found user in active_sessions: ID=1, Type=Dentist, Name=Dr. Leonardo Vinci
[13-Jan-2026 20:17:45 Europe/Berlin] Dentist verified in DB: Dr. Leonardo Vinci
[13-Jan-2026 20:17:45 Europe/Berlin] Final user info: Type=Dentist, ID=1, Name=Dr. Leonardo Vinci
[13-Jan-2026 20:17:45 Europe/Berlin] === USER DETECTION END ===
[13-Jan-2026 20:17:45 Europe/Berlin] ACTION: save_medical - Detected User: Dentist Dr. Leonardo Vinci (ID: 1)
[13-Jan-2026 20:17:45 Europe/Berlin] Exception in POST handler: Unknown column 'id' in 'field list'
[13-Jan-2026 20:17:51 Europe/Berlin] === USER DETECTION START ===
[13-Jan-2026 20:17:51 Europe/Berlin] Session ID: ed6tlrr4i310u6rfscrfhr0427
[13-Jan-2026 20:17:51 Europe/Berlin] Session status: 2
[13-Jan-2026 20:17:51 Europe/Berlin] GET uid found: 1
[13-Jan-2026 20:17:51 Europe/Berlin] Found user in active_sessions: ID=1, Type=Dentist, Name=Dr. Leonardo Vinci
[13-Jan-2026 20:17:51 Europe/Berlin] Dentist verified in DB: Dr. Leonardo Vinci
[13-Jan-2026 20:17:51 Europe/Berlin] Final user info: Type=Dentist, ID=1, Name=Dr. Leonardo Vinci
[13-Jan-2026 20:17:51 Europe/Berlin] === USER DETECTION END ===
[13-Jan-2026 20:17:51 Europe/Berlin] ACTION: save_medical - Detected User: Dentist Dr. Leonardo Vinci (ID: 1)
[13-Jan-2026 20:17:51 Europe/Berlin] Exception in POST handler: Unknown column 'id' in 'field list'
[13-Jan-2026 20:18:26 Europe/Berlin] === USER DETECTION START ===
[13-Jan-2026 20:18:26 Europe/Berlin] Session ID: ed6tlrr4i310u6rfscrfhr0427
[13-Jan-2026 20:18:26 Europe/Berlin] Session status: 2
[13-Jan-2026 20:18:26 Europe/Berlin] GET uid found: 1
[13-Jan-2026 20:18:26 Europe/Berlin] Found user in active_sessions: ID=1, Type=Dentist, Name=Dr. Leonardo Vinci
[13-Jan-2026 20:18:26 Europe/Berlin] Dentist verified in DB: Dr. Leonardo Vinci
[13-Jan-2026 20:18:26 Europe/Berlin] Final user info: Type=Dentist, ID=1, Name=Dr. Leonardo Vinci
[13-Jan-2026 20:18:26 Europe/Berlin] === USER DETECTION END ===
[13-Jan-2026 20:18:26 Europe/Berlin] ACTION: save_membership - Detected User: Dentist Dr. Leonardo Vinci (ID: 1)
[13-Jan-2026 20:18:26 Europe/Berlin] Exception in POST handler: Unknown column 'updated_at' in 'field list'
[13-Jan-2026 20:18:33 Europe/Berlin] === USER DETECTION START ===
[13-Jan-2026 20:18:33 Europe/Berlin] Session ID: ed6tlrr4i310u6rfscrfhr0427
[13-Jan-2026 20:18:33 Europe/Berlin] Session status: 2
[13-Jan-2026 20:18:33 Europe/Berlin] GET uid found: 1
[13-Jan-2026 20:18:33 Europe/Berlin] Found user in active_sessions: ID=1, Type=Dentist, Name=Dr. Leonardo Vinci
[13-Jan-2026 20:18:33 Europe/Berlin] Dentist verified in DB: Dr. Leonardo Vinci
[13-Jan-2026 20:18:33 Europe/Berlin] Final user info: Type=Dentist, ID=1, Name=Dr. Leonardo Vinci
[13-Jan-2026 20:18:33 Europe/Berlin] === USER DETECTION END ===
[13-Jan-2026 20:18:34 Europe/Berlin] ACTION: save_membership - Detected User: Dentist Dr. Leonardo Vinci (ID: 1)
[13-Jan-2026 20:18:34 Europe/Berlin] Exception in POST handler: Unknown column 'updated_at' in 'field list'
[13-Jan-2026 20:18:45 Europe/Berlin] === USER DETECTION START ===
[13-Jan-2026 20:18:45 Europe/Berlin] Session ID: ed6tlrr4i310u6rfscrfhr0427
[13-Jan-2026 20:18:45 Europe/Berlin] Session status: 2
[13-Jan-2026 20:18:45 Europe/Berlin] GET uid found: 1
[13-Jan-2026 20:18:45 Europe/Berlin] Found user in active_sessions: ID=1, Type=Dentist, Name=Dr. Leonardo Vinci
[13-Jan-2026 20:18:45 Europe/Berlin] Dentist verified in DB: Dr. Leonardo Vinci
[13-Jan-2026 20:18:45 Europe/Berlin] Final user info: Type=Dentist, ID=1, Name=Dr. Leonardo Vinci
[13-Jan-2026 20:18:45 Europe/Berlin] === USER DETECTION END ===
[13-Jan-2026 20:18:45 Europe/Berlin] ACTION: save_membership - Detected User: Dentist Dr. Leonardo Vinci (ID: 1)
[13-Jan-2026 20:18:45 Europe/Berlin] Exception in POST handler: Unknown column 'updated_at' in 'field list'
[13-Jan-2026 20:18:52 Europe/Berlin] === USER DETECTION START ===
[13-Jan-2026 20:18:52 Europe/Berlin] Session ID: ed6tlrr4i310u6rfscrfhr0427
[13-Jan-2026 20:18:52 Europe/Berlin] Session status: 2
[13-Jan-2026 20:18:52 Europe/Berlin] GET uid found: 1
[13-Jan-2026 20:18:52 Europe/Berlin] Found user in active_sessions: ID=1, Type=Dentist, Name=Dr. Leonardo Vinci
[13-Jan-2026 20:18:52 Europe/Berlin] Dentist verified in DB: Dr. Leonardo Vinci
[13-Jan-2026 20:18:52 Europe/Berlin] Final user info: Type=Dentist, ID=1, Name=Dr. Leonardo Vinci
[13-Jan-2026 20:18:52 Europe/Berlin] === USER DETECTION END ===
[13-Jan-2026 20:18:52 Europe/Berlin] ACTION: save_membership - Detected User: Dentist Dr. Leonardo Vinci (ID: 1)
[13-Jan-2026 20:18:52 Europe/Berlin] Exception in POST handler: Unknown column 'updated_at' in 'field list'
[13-Jan-2026 20:18:53 Europe/Berlin] === USER DETECTION START ===
[13-Jan-2026 20:18:53 Europe/Berlin] Session ID: ed6tlrr4i310u6rfscrfhr0427
[13-Jan-2026 20:18:53 Europe/Berlin] Session status: 2
[13-Jan-2026 20:18:53 Europe/Berlin] GET uid found: 1
[13-Jan-2026 20:18:53 Europe/Berlin] Found user in active_sessions: ID=1, Type=Dentist, Name=Dr. Leonardo Vinci
[13-Jan-2026 20:18:53 Europe/Berlin] Dentist verified in DB: Dr. Leonardo Vinci
[13-Jan-2026 20:18:53 Europe/Berlin] Final user info: Type=Dentist, ID=1, Name=Dr. Leonardo Vinci
[13-Jan-2026 20:18:53 Europe/Berlin] === USER DETECTION END ===
[13-Jan-2026 20:18:53 Europe/Berlin] ACTION: save_membership - Detected User: Dentist Dr. Leonardo Vinci (ID: 1)
[13-Jan-2026 20:18:53 Europe/Berlin] Exception in POST handler: Unknown column 'updated_at' in 'field list'
[13-Jan-2026 20:43:30 Europe/Berlin] === SAVE_MEDICAL REQUEST ===
[13-Jan-2026 20:43:30 Europe/Berlin] Patient ID: 16
[13-Jan-2026 20:43:30 Europe/Berlin] Received data: Array
(
    [hypertension_cva] => 1
    [action] => save_medical
    [patient_id] => 16
    [uid] => 42
    [user_type] => Staff
    [user_name] => Jay JAy Panganiban
    [allergies_flag] => 0
    [diabetes_mellitus] => 0
    [blood_disorders] => 0
    [heart_disease] => 0
    [thyroid_disorders] => 0
    [hepatitis_flag] => 0
    [malignancy_flag] => 0
    [prev_hospitalization_flag] => 0
    [blood_transfusion_flag] => 0
    [tattoo] => 0
    [other_conditions_flag] => 0
    [sugar_flag] => 0
    [alcohol_flag] => 0
    [tobacco_flag] => 0
    [betel_nut_flag] => 0
    [nhts_pr] => 0
    [four_ps] => 0
    [indigenous_people] => 0
    [pwd] => 0
    [philhealth_flag] => 0
    [sss_flag] => 0
    [gsis_flag] => 0
)

[13-Jan-2026 20:43:30 Europe/Berlin] Medical History SQL: UPDATE medical_history SET allergies_flag = ?, allergies_details = ?, hypertension_cva = ?, diabetes_mellitus = ?, blood_disorders = ?, heart_disease = ?, thyroid_disorders = ?, hepatitis_flag = ?, hepatitis_details = ?, malignancy_flag = ?, malignancy_details = ?, prev_hospitalization_flag = ?, last_admission_date = ?, admission_cause = ?, surgery_details = ?, blood_transfusion_flag = ?, blood_transfusion = ?, tattoo = ?, other_conditions_flag = ?, other_conditions = ? WHERE patient_id = ?
[13-Jan-2026 20:43:30 Europe/Berlin] Types: isiiiiiisisisssisiisi
[13-Jan-2026 21:34:03 Europe/Berlin] PHP Warning:  Undefined variable $patientId in C:\xampp\htdocs\DentalEMR_System\php\treatmentrecords\oral_condition_api.php on line 486
[13-Jan-2026 21:34:10 Europe/Berlin] PHP Warning:  Undefined variable $patientId in C:\xampp\htdocs\DentalEMR_System\php\treatmentrecords\oral_condition_api.php on line 486
[13-Jan-2026 21:35:30 Europe/Berlin] PHP Warning:  Undefined variable $patientId in C:\xampp\htdocs\DentalEMR_System\php\treatmentrecords\oral_condition_api.php on line 486
[13-Jan-2026 21:40:50 Europe/Berlin] PHP Warning:  Undefined variable $patientId in C:\xampp\htdocs\DentalEMR_System\php\treatmentrecords\oral_condition_api.php on line 487
[13-Jan-2026 21:42:11 Europe/Berlin] PHP Warning:  Undefined variable $patientId in C:\xampp\htdocs\DentalEMR_System\php\treatmentrecords\oral_condition_api.php on line 487
[13-Jan-2026 21:42:50 Europe/Berlin] PHP Warning:  Undefined variable $patientId in C:\xampp\htdocs\DentalEMR_System\php\treatmentrecords\oral_condition_api.php on line 487
[13-Jan-2026 21:43:25 Europe/Berlin] PHP Warning:  Undefined variable $patientId in C:\xampp\htdocs\DentalEMR_System\php\treatmentrecords\oral_condition_api.php on line 487
[13-Jan-2026 21:46:06 Europe/Berlin] PHP Warning:  Undefined variable $patientId in C:\xampp\htdocs\DentalEMR_System\php\treatmentrecords\oral_condition_api.php on line 486
